<?xml version="1.0" encoding="UTF-8"?>
<persistence xmlns:xsi="http://www.w3.org/2001/XMLSchema-instance"
	xsi:schemaLocation="http://java.sun.com/xml/ns/persistence http://java.sun.com/xml/ns/persistence/persistence_2_0.xsd"
	version="2.0" xmlns="http://java.sun.com/xml/ns/persistence">
	<persistence-unit name="adminPersistenceUnit"
		transaction-type="JTA">
		<provider>org.hibernate.ejb.HibernatePersistence</provider>
		<jta-data-source>java:/datasources/adminXADatasource</jta-data-source>
		<class>local.admin.domain.Role</class>
		<class>local.admin.domain.Registration</class>
		<class>local.admin.domain.AdminRepository</class>
		<properties>
			<!-- Properties for Hibernate -->
			<property name="hibernate.hbm2ddl.auto" value="create-drop" />
			<property name="hibernate.show_sql" value="true" />
		</properties>
	</persistence-unit>
</persistence>